[21:27:04.716] [INFO]: Loading config 'startup.json'.
[21:27:04.725] [WARN]: Config 'startup.json' not found. Creating default config.
[21:27:09.341] [INFO]: Loaded plugins: almostunified:neoforge, almostunified:common
[21:27:14.686] [WARN]: Reload detected. Reconstructing runtime.
[21:27:14.690] [INFO]: Loading config 'debug.json'.
[21:27:14.692] [WARN]: Config 'debug.json' not found. Creating default config.
[21:27:14.694] [INFO]: Loading config 'placeholders.json'.
[21:27:14.697] [WARN]: Config 'placeholders.json' not found. Creating default config.
[21:27:14.700] [INFO]: Loading config 'tags.json'.
[21:27:14.704] [WARN]: Config 'tags.json' not found. Creating default config.
[21:27:14.723] [WARN]: Config 'materials.json' not found. Creating default config.
[21:27:14.743] [INFO]: [AutoHiding] Hiding 7/8 items for tag '#c:storage_blocks/uranium' -> [chisel_chipped_integration:metal_uranium_thermal, chisel_chipped_integration:metal_uranium_bolted, chisel_chipped_integration:metal_uranium_caution, chisel_chipped_integration:metal_uranium_egregious, chisel_chipped_integration:metal_uranium_industrial_relic, chisel_chipped_integration:metal_uranium_scaffold, chisel_chipped_integration:metal_uranium_shipping_crate]
[21:27:14.744] [INFO]: [AutoHiding] Hiding 12/13 items for tag '#c:storage_blocks/diamond' -> [chisel_chipped_integration:gem_diamond_space, chisel_chipped_integration:gem_diamond_cells, chisel_chipped_integration:gem_diamond_bismuth, chisel_chipped_integration:gem_diamond_gem, chisel_chipped_integration:gem_diamond_simple, chisel_chipped_integration:gem_diamond_embossed, chisel_chipped_integration:gem_diamond_tiles, chisel_chipped_integration:gem_diamond_crushed, chisel_chipped_integration:gem_diamond_zelda, chisel_chipped_integration:gem_diamond_purple_space, chisel_chipped_integration:gem_diamond_gold_encrusted, chisel_chipped_integration:gem_diamond_ornate_tiles]
[21:27:14.745] [INFO]: [AutoHiding] Hiding 7/8 items for tag '#c:storage_blocks/nickel' -> [chisel_chipped_integration:metal_nickel_shipping_crate, chisel_chipped_integration:metal_nickel_egregious, chisel_chipped_integration:metal_nickel_scaffold, chisel_chipped_integration:metal_nickel_thermal, chisel_chipped_integration:metal_nickel_industrial_relic, chisel_chipped_integration:metal_nickel_bolted, chisel_chipped_integration:metal_nickel_caution]
[21:27:14.745] [INFO]: [AutoHiding] Hiding 14/15 items for tag '#c:storage_blocks/emerald' -> [chisel_chipped_integration:gem_emerald_gold_encrusted, chisel_chipped_integration:gem_emerald_bismuth, chisel_chipped_integration:gem_emerald_zelda, chisel_chipped_integration:gem_emerald_cell, chisel_chipped_integration:gem_emerald_tile, chisel_chipped_integration:gem_emerald_prism, chisel_chipped_integration:gem_emerald_circular, chisel_chipped_integration:gem_emerald_ornate, chisel_chipped_integration:gem_emerald_ornate_tiles, chisel_chipped_integration:gem_emerald_cobble, chisel_chipped_integration:gem_emerald_panel, chisel_chipped_integration:gem_emerald_tiles, chisel_chipped_integration:gem_emerald_smooth, chisel_chipped_integration:gem_emerald_masonry]
[21:27:14.746] [INFO]: [AutoHiding] Hiding 7/8 items for tag '#c:storage_blocks/iron' -> [chisel_chipped_integration:metal_iron_caution, chisel_chipped_integration:metal_iron_bolted, chisel_chipped_integration:metal_iron_thermal, chisel_chipped_integration:metal_iron_egregious, chisel_chipped_integration:metal_iron_shipping_crate, chisel_chipped_integration:metal_iron_scaffold, chisel_chipped_integration:metal_iron_industrial_relic]
[21:27:14.746] [INFO]: [AutoHiding] Hiding 1/2 items for tag '#c:plates/gold' -> [immersiveengineering:plate_gold]
[21:27:14.747] [INFO]: [AutoHiding] Hiding 7/8 items for tag '#c:storage_blocks/silver' -> [chisel_chipped_integration:metal_silver_egregious, chisel_chipped_integration:metal_silver_scaffold, chisel_chipped_integration:metal_silver_industrial_relic, chisel_chipped_integration:metal_silver_bolted, chisel_chipped_integration:metal_silver_thermal, chisel_chipped_integration:metal_silver_caution, chisel_chipped_integration:metal_silver_shipping_crate]
[21:27:14.747] [INFO]: [AutoHiding] Hiding 7/8 items for tag '#c:storage_blocks/steel' -> [chisel_chipped_integration:metal_steel_shipping_crate, chisel_chipped_integration:metal_steel_thermal, chisel_chipped_integration:metal_steel_industrial_relic, chisel_chipped_integration:metal_steel_scaffold, chisel_chipped_integration:metal_steel_bolted, chisel_chipped_integration:metal_steel_egregious, chisel_chipped_integration:metal_steel_caution]
[21:27:14.748] [INFO]: [AutoHiding] Hiding 7/8 items for tag '#c:storage_blocks/copper' -> [chisel_chipped_integration:metal_copper_bolted, chisel_chipped_integration:metal_copper_egregious, chisel_chipped_integration:metal_copper_shipping_crate, chisel_chipped_integration:metal_copper_thermal, chisel_chipped_integration:metal_copper_scaffold, chisel_chipped_integration:metal_copper_industrial_relic, chisel_chipped_integration:metal_copper_caution]
[21:27:14.748] [INFO]: [AutoHiding] Hiding 1/2 items for tag '#c:plates/copper' -> [immersiveengineering:plate_copper]
[21:27:14.748] [INFO]: [AutoHiding] Hiding 7/8 items for tag '#c:storage_blocks/aluminum' -> [chisel_chipped_integration:metal_aluminum_caution, chisel_chipped_integration:metal_aluminum_egregious, chisel_chipped_integration:metal_aluminum_shipping_crate, chisel_chipped_integration:metal_aluminum_industrial_relic, chisel_chipped_integration:metal_aluminum_scaffold, chisel_chipped_integration:metal_aluminum_thermal, chisel_chipped_integration:metal_aluminum_bolted]
[21:27:14.749] [INFO]: [AutoHiding] Hiding 9/10 items for tag '#c:storage_blocks/lapis' -> [chisel_chipped_integration:gem_lapis_zelda, chisel_chipped_integration:gem_lapis_panel, chisel_chipped_integration:gem_lapis_cobble, chisel_chipped_integration:gem_lapis_smooth, chisel_chipped_integration:gem_lapis_wood_framed, chisel_chipped_integration:gem_lapis_tile, chisel_chipped_integration:gem_lapis_masonry, chisel_chipped_integration:gem_lapis_shiny_tile, chisel_chipped_integration:gem_lapis_gold_encrusted]
[21:27:14.749] [INFO]: [AutoHiding] Hiding 7/8 items for tag '#c:storage_blocks/electrum' -> [chisel_chipped_integration:metal_electrum_bolted, chisel_chipped_integration:metal_electrum_scaffold, chisel_chipped_integration:metal_electrum_caution, chisel_chipped_integration:metal_electrum_industrial_relic, chisel_chipped_integration:metal_electrum_shipping_crate, chisel_chipped_integration:metal_electrum_egregious, chisel_chipped_integration:metal_electrum_thermal]
[21:27:14.750] [INFO]: [AutoHiding] Hiding 1/2 items for tag '#c:plates/iron' -> [immersiveengineering:plate_iron]
[21:27:14.750] [INFO]: [AutoHiding] Hiding 1/2 items for tag '#c:nuggets/copper' -> [immersiveengineering:nugget_copper]
[21:27:14.751] [INFO]: [AutoHiding] Hiding 7/8 items for tag '#c:storage_blocks/gold' -> [chisel_chipped_integration:metal_gold_caution, chisel_chipped_integration:metal_gold_egregious, chisel_chipped_integration:metal_gold_bolted, chisel_chipped_integration:metal_gold_scaffold, chisel_chipped_integration:metal_gold_industrial_relic, chisel_chipped_integration:metal_gold_thermal, chisel_chipped_integration:metal_gold_shipping_crate]
[21:27:14.751] [INFO]: [AutoHiding] Hiding 7/8 items for tag '#c:storage_blocks/lead' -> [chisel_chipped_integration:metal_lead_industrial_relic, chisel_chipped_integration:metal_lead_shipping_crate, chisel_chipped_integration:metal_lead_scaffold, chisel_chipped_integration:metal_lead_caution, chisel_chipped_integration:metal_lead_bolted, chisel_chipped_integration:metal_lead_egregious, chisel_chipped_integration:metal_lead_thermal]
[21:27:15.521] [INFO]: Loading config 'duplicates.json'.
[21:27:15.524] [WARN]: Config 'duplicates.json' not found. Creating default config.
[21:27:15.526] [INFO]: Recipe count: 29739
[21:27:15.534] [WARN]: Could not detect recipe type for recipe 'engineeredcompatibility:sawmill/ars_nouveau/yellow_archwood_log', skipping.
[21:27:15.534] [WARN]: Could not detect recipe type for recipe 'engineeredcompatibility:sawmill/ars_nouveau/yellow_archwood_wood', skipping.
[21:27:15.535] [WARN]: Could not detect recipe type for recipe 'mysticalagriculture:tertium_essence', skipping.
[21:27:15.539] [WARN]: Could not detect recipe type for recipe 'mysticalagriculture:supremium_essence', skipping.
[21:27:15.541] [WARN]: Could not detect recipe type for recipe 'mysticalagriculture:prudentium_essence', skipping.
[21:27:15.544] [WARN]: Could not detect recipe type for recipe 'mysticalagriculture:master_infusion_crystal', skipping.
[21:27:15.545] [WARN]: Could not detect recipe type for recipe 'mysticalagradditions:insanium_essence', skipping.
[21:27:15.547] [WARN]: Could not detect recipe type for recipe 'mysticalagriculture:infusion_crystal', skipping.
[21:27:15.547] [WARN]: Could not detect recipe type for recipe 'mysticalagriculture:imperium_essence', skipping.
[21:27:19.725] [INFO]: Recipe count afterwards: 29712 (done in 4.199 s)
